  2023-07-12 22:38:08 App\Jobs\JobOberverProduk ...................... RUNNING
  2023-07-12 22:38:08 App\Jobs\JobOberverProduk ................. 15.40ms FAIL
  2023-07-12 22:41:02 App\Jobs\JobOberverProduk ...................... RUNNING
  2023-07-12 22:41:02 App\Jobs\JobOberverProduk ................. 21.47ms FAIL
  2023-07-12 22:41:21 App\Jobs\JobOberverProduk ...................... RUNNING
  2023-07-12 22:41:21 App\Jobs\JobOberverProduk ................. 16.14ms FAIL
  2023-07-12 22:42:19 App\Jobs\JobOberverProduk ...................... RUNNING
  2023-07-12 22:42:19 App\Jobs\JobOberverProduk .................. 7.67ms DONE
  2023-07-12 22:43:00 App\Jobs\JobOberverProduk ...................... RUNNING
  2023-07-12 22:43:00 App\Jobs\JobOberverProduk ................. 15.17ms FAIL
  2023-07-12 22:43:55 App\Jobs\JobOberverProduk ...................... RUNNING
  2023-07-12 22:43:55 App\Jobs\JobOberverProduk ................. 16.57ms FAIL
  2023-07-12 22:44:55 App\Jobs\JobOberverProduk ...................... RUNNING
  2023-07-12 22:44:55 App\Jobs\JobOberverProduk .................. 7.71ms FAIL
  2023-07-12 22:45:50 App\Jobs\JobOberverProduk ...................... RUNNING
asikasinasf  2023-07-12 22:45:50 App\Jobs\JobOberverProduk ................ 147.15ms FAIL
  2023-07-12 22:46:53 App\Jobs\JobOberverProduk ...................... RUNNING
array(0) {
}
  2023-07-12 22:46:53 App\Jobs\JobOberverProduk ................. 15.16ms FAIL
  2023-07-12 22:48:22 App\Jobs\JobOberverProduk ...................... RUNNING
array(0) {
}
  2023-07-12 22:48:22 App\Jobs\JobOberverProduk ................. 15.29ms FAIL
